[2018-08-09 17:38:38] production.ERROR: exception 'ErrorException' with message 'file_put_contents(/home/user30/laravel/megaapp/app/storage/views/f0ad42090cc070d4cf7260919044a762): failed to open stream: No such file or directory' in /home/user30/laravel/megaapp/vendor/laravel/framework/src/Illuminate/Filesystem/Filesystem.php:70
Stack trace:
#0 [internal function]: Illuminate\Exception\Handler->handleError(2, 'file_put_conten...', '/home/user30/la...', 70, Array)
#1 /home/user30/laravel/megaapp/vendor/laravel/framework/src/Illuminate/Filesystem/Filesystem.php(70): file_put_contents('/home/user30/la...', '<?php $__env->s...', 0)
#2 /home/user30/laravel/megaapp/vendor/laravel/framework/src/Illuminate/View/Compilers/BladeCompiler.php(80): Illuminate\Filesystem\Filesystem->put('/home/user30/la...', '<?php $__env->s...')
#3 /home/user30/laravel/megaapp/vendor/laravel/framework/src/Illuminate/View/Engines/CompilerEngine.php(49): Illuminate\View\Compilers\BladeCompiler->compile('/home/user30/la...')
#4 /home/user30/laravel/megaapp/vendor/laravel/framework/src/Illuminate/View/View.php(140): Illuminate\View\Engines\CompilerEngine->get('/home/user30/la...', Array)
#5 /home/user30/laravel/megaapp/vendor/laravel/framework/src/Illuminate/View/View.php(109): Illuminate\View\View->getContents()
#6 /home/user30/laravel/megaapp/vendor/laravel/framework/src/Illuminate/View/View.php(78): Illuminate\View\View->renderContents()
#7 /home/user30/laravel/megaapp/vendor/laravel/framework/src/Illuminate/Http/Response.php(43): Illuminate\View\View->render()
#8 /home/user30/laravel/megaapp/vendor/symfony/http-foundation/Response.php(202): Illuminate\Http\Response->setContent(Object(Illuminate\View\View))
#9 /home/user30/laravel/megaapp/vendor/laravel/framework/src/Illuminate/Routing/Router.php(1501): Symfony\Component\HttpFoundation\Response->__construct(Object(Illuminate\View\View))
#10 /home/user30/laravel/megaapp/vendor/laravel/framework/src/Illuminate/Routing/Router.php(1036): Illuminate\Routing\Router->prepareResponse(Object(Illuminate\Http\Request), Object(Illuminate\View\View))
#11 /home/user30/laravel/megaapp/vendor/laravel/framework/src/Illuminate/Routing/Router.php(1001): Illuminate\Routing\Router->dispatchToRoute(Object(Illuminate\Http\Request))
#12 /home/user30/laravel/megaapp/vendor/laravel/framework/src/Illuminate/Foundation/Application.php(781): Illuminate\Routing\Router->dispatch(Object(Illuminate\Http\Request))
#13 /home/user30/laravel/megaapp/vendor/laravel/framework/src/Illuminate/Foundation/Application.php(745): Illuminate\Foundation\Application->dispatch(Object(Illuminate\Http\Request))
#14 /home/user30/laravel/megaapp/vendor/laravel/framework/src/Illuminate/Session/Middleware.php(72): Illuminate\Foundation\Application->handle(Object(Illuminate\Http\Request), 1, true)
#15 /home/user30/laravel/megaapp/vendor/laravel/framework/src/Illuminate/Cookie/Queue.php(47): Illuminate\Session\Middleware->handle(Object(Illuminate\Http\Request), 1, true)
#16 /home/user30/laravel/megaapp/vendor/laravel/framework/src/Illuminate/Cookie/Guard.php(51): Illuminate\Cookie\Queue->handle(Object(Illuminate\Http\Request), 1, true)
#17 /home/user30/laravel/megaapp/vendor/stack/builder/src/Stack/StackedHttpKernel.php(23): Illuminate\Cookie\Guard->handle(Object(Illuminate\Http\Request), 1, true)
#18 /home/user30/laravel/megaapp/vendor/laravel/framework/src/Illuminate/Foundation/Application.php(641): Stack\StackedHttpKernel->handle(Object(Illuminate\Http\Request))
#19 /home/user30/laravel/megaapp/public/index.php(49): Illuminate\Foundation\Application->run()
#20 {main} [] []
[2018-08-09 17:38:39] production.ERROR: exception 'ErrorException' with message 'file_put_contents(/home/user30/laravel/megaapp/app/storage/views/f0ad42090cc070d4cf7260919044a762): failed to open stream: No such file or directory' in /home/user30/laravel/megaapp/vendor/laravel/framework/src/Illuminate/Filesystem/Filesystem.php:70
Stack trace:
#0 [internal function]: Illuminate\Exception\Handler->handleError(2, 'file_put_conten...', '/home/user30/la...', 70, Array)
#1 /home/user30/laravel/megaapp/vendor/laravel/framework/src/Illuminate/Filesystem/Filesystem.php(70): file_put_contents('/home/user30/la...', '<?php $__env->s...', 0)
#2 /home/user30/laravel/megaapp/vendor/laravel/framework/src/Illuminate/View/Compilers/BladeCompiler.php(80): Illuminate\Filesystem\Filesystem->put('/home/user30/la...', '<?php $__env->s...')
#3 /home/user30/laravel/megaapp/vendor/laravel/framework/src/Illuminate/View/Engines/CompilerEngine.php(49): Illuminate\View\Compilers\BladeCompiler->compile('/home/user30/la...')
#4 /home/user30/laravel/megaapp/vendor/laravel/framework/src/Illuminate/View/View.php(140): Illuminate\View\Engines\CompilerEngine->get('/home/user30/la...', Array)
#5 /home/user30/laravel/megaapp/vendor/laravel/framework/src/Illuminate/View/View.php(109): Illuminate\View\View->getContents()
#6 /home/user30/laravel/megaapp/vendor/laravel/framework/src/Illuminate/View/View.php(78): Illuminate\View\View->renderContents()
#7 /home/user30/laravel/megaapp/vendor/laravel/framework/src/Illuminate/Http/Response.php(43): Illuminate\View\View->render()
#8 /home/user30/laravel/megaapp/vendor/symfony/http-foundation/Response.php(202): Illuminate\Http\Response->setContent(Object(Illuminate\View\View))
#9 /home/user30/laravel/megaapp/vendor/laravel/framework/src/Illuminate/Routing/Router.php(1501): Symfony\Component\HttpFoundation\Response->__construct(Object(Illuminate\View\View))
#10 /home/user30/laravel/megaapp/vendor/laravel/framework/src/Illuminate/Routing/Router.php(1036): Illuminate\Routing\Router->prepareResponse(Object(Illuminate\Http\Request), Object(Illuminate\View\View))
#11 /home/user30/laravel/megaapp/vendor/laravel/framework/src/Illuminate/Routing/Router.php(1001): Illuminate\Routing\Router->dispatchToRoute(Object(Illuminate\Http\Request))
#12 /home/user30/laravel/megaapp/vendor/laravel/framework/src/Illuminate/Foundation/Application.php(781): Illuminate\Routing\Router->dispatch(Object(Illuminate\Http\Request))
#13 /home/user30/laravel/megaapp/vendor/laravel/framework/src/Illuminate/Foundation/Application.php(745): Illuminate\Foundation\Application->dispatch(Object(Illuminate\Http\Request))
#14 /home/user30/laravel/megaapp/vendor/laravel/framework/src/Illuminate/Session/Middleware.php(72): Illuminate\Foundation\Application->handle(Object(Illuminate\Http\Request), 1, true)
#15 /home/user30/laravel/megaapp/vendor/laravel/framework/src/Illuminate/Cookie/Queue.php(47): Illuminate\Session\Middleware->handle(Object(Illuminate\Http\Request), 1, true)
#16 /home/user30/laravel/megaapp/vendor/laravel/framework/src/Illuminate/Cookie/Guard.php(51): Illuminate\Cookie\Queue->handle(Object(Illuminate\Http\Request), 1, true)
#17 /home/user30/laravel/megaapp/vendor/stack/builder/src/Stack/StackedHttpKernel.php(23): Illuminate\Cookie\Guard->handle(Object(Illuminate\Http\Request), 1, true)
#18 /home/user30/laravel/megaapp/vendor/laravel/framework/src/Illuminate/Foundation/Application.php(641): Stack\StackedHttpKernel->handle(Object(Illuminate\Http\Request))
#19 /home/user30/laravel/megaapp/public/index.php(49): Illuminate\Foundation\Application->run()
#20 {main} [] []
[2018-08-09 17:38:40] production.ERROR: exception 'ErrorException' with message 'file_put_contents(/home/user30/laravel/megaapp/app/storage/views/f0ad42090cc070d4cf7260919044a762): failed to open stream: No such file or directory' in /home/user30/laravel/megaapp/vendor/laravel/framework/src/Illuminate/Filesystem/Filesystem.php:70
Stack trace:
#0 [internal function]: Illuminate\Exception\Handler->handleError(2, 'file_put_conten...', '/home/user30/la...', 70, Array)
#1 /home/user30/laravel/megaapp/vendor/laravel/framework/src/Illuminate/Filesystem/Filesystem.php(70): file_put_contents('/home/user30/la...', '<?php $__env->s...', 0)
#2 /home/user30/laravel/megaapp/vendor/laravel/framework/src/Illuminate/View/Compilers/BladeCompiler.php(80): Illuminate\Filesystem\Filesystem->put('/home/user30/la...', '<?php $__env->s...')
#3 /home/user30/laravel/megaapp/vendor/laravel/framework/src/Illuminate/View/Engines/CompilerEngine.php(49): Illuminate\View\Compilers\BladeCompiler->compile('/home/user30/la...')
#4 /home/user30/laravel/megaapp/vendor/laravel/framework/src/Illuminate/View/View.php(140): Illuminate\View\Engines\CompilerEngine->get('/home/user30/la...', Array)
#5 /home/user30/laravel/megaapp/vendor/laravel/framework/src/Illuminate/View/View.php(109): Illuminate\View\View->getContents()
#6 /home/user30/laravel/megaapp/vendor/laravel/framework/src/Illuminate/View/View.php(78): Illuminate\View\View->renderContents()
#7 /home/user30/laravel/megaapp/vendor/laravel/framework/src/Illuminate/Http/Response.php(43): Illuminate\View\View->render()
#8 /home/user30/laravel/megaapp/vendor/symfony/http-foundation/Response.php(202): Illuminate\Http\Response->setContent(Object(Illuminate\View\View))
#9 /home/user30/laravel/megaapp/vendor/laravel/framework/src/Illuminate/Routing/Router.php(1501): Symfony\Component\HttpFoundation\Response->__construct(Object(Illuminate\View\View))
#10 /home/user30/laravel/megaapp/vendor/laravel/framework/src/Illuminate/Routing/Router.php(1036): Illuminate\Routing\Router->prepareResponse(Object(Illuminate\Http\Request), Object(Illuminate\View\View))
#11 /home/user30/laravel/megaapp/vendor/laravel/framework/src/Illuminate/Routing/Router.php(1001): Illuminate\Routing\Router->dispatchToRoute(Object(Illuminate\Http\Request))
#12 /home/user30/laravel/megaapp/vendor/laravel/framework/src/Illuminate/Foundation/Application.php(781): Illuminate\Routing\Router->dispatch(Object(Illuminate\Http\Request))
#13 /home/user30/laravel/megaapp/vendor/laravel/framework/src/Illuminate/Foundation/Application.php(745): Illuminate\Foundation\Application->dispatch(Object(Illuminate\Http\Request))
#14 /home/user30/laravel/megaapp/vendor/laravel/framework/src/Illuminate/Session/Middleware.php(72): Illuminate\Foundation\Application->handle(Object(Illuminate\Http\Request), 1, true)
#15 /home/user30/laravel/megaapp/vendor/laravel/framework/src/Illuminate/Cookie/Queue.php(47): Illuminate\Session\Middleware->handle(Object(Illuminate\Http\Request), 1, true)
#16 /home/user30/laravel/megaapp/vendor/laravel/framework/src/Illuminate/Cookie/Guard.php(51): Illuminate\Cookie\Queue->handle(Object(Illuminate\Http\Request), 1, true)
#17 /home/user30/laravel/megaapp/vendor/stack/builder/src/Stack/StackedHttpKernel.php(23): Illuminate\Cookie\Guard->handle(Object(Illuminate\Http\Request), 1, true)
#18 /home/user30/laravel/megaapp/vendor/laravel/framework/src/Illuminate/Foundation/Application.php(641): Stack\StackedHttpKernel->handle(Object(Illuminate\Http\Request))
#19 /home/user30/laravel/megaapp/public/index.php(49): Illuminate\Foundation\Application->run()
#20 {main} [] []
