[2018-08-09 17:38:38] production.ERROR: exception 'ErrorException' with message 'file_put_contents(/home/user30/laravel/megaapp/app/storage/views/f0ad42090cc070d4cf7260919044a762): failed to open stream: No such file or directory' in /home/user30/laravel/megaapp/vendor/laravel/framework/src/Illuminate/Filesystem/Filesystem.php:70
Stack trace:
#0 [internal function]: Illuminate\Exception\Handler->handleError(2, 'file_put_conten...', '/home/user30/la...', 70, Array)
#1 /home/user30/laravel/megaapp/vendor/laravel/framework/src/Illuminate/Filesystem/Filesystem.php(70): file_put_contents('/home/user30/la...', '<?php $__env->s...', 0)
#2 /home/user30/laravel/megaapp/vendor/laravel/framework/src/Illuminate/View/Compilers/BladeCompiler.php(80): Illuminate\Filesystem\Filesystem->put('/home/user30/la...', '<?php $__env->s...')
#3 /home/user30/laravel/megaapp/vendor/laravel/framework/src/Illuminate/View/Engines/CompilerEngine.php(49): Illuminate\View\Compilers\BladeCompiler->compile('/home/user30/la...')
#4 /home/user30/laravel/megaapp/vendor/laravel/framework/src/Illuminate/View/View.php(140): Illuminate\View\Engines\CompilerEngine->get('/home/user30/la...', Array)
#5 /home/user30/laravel/megaapp/vendor/laravel/framework/src/Illuminate/View/View.php(109): Illuminate\View\View->getContents()
#6 /home/user30/laravel/megaapp/vendor/laravel/framework/src/Illuminate/View/View.php(78): Illuminate\View\View->renderContents()
#7 /home/user30/laravel/megaapp/vendor/laravel/framework/src/Illuminate/Http/Response.php(43): Illuminate\View\View->render()
#8 /home/user30/laravel/megaapp/vendor/symfony/http-foundation/Response.php(202): Illuminate\Http\Response->setContent(Object(Illuminate\View\View))
#9 /home/user30/laravel/megaapp/vendor/laravel/framework/src/Illuminate/Routing/Router.php(1501): Symfony\Component\HttpFoundation\Response->__construct(Object(Illuminate\View\View))
#10 /home/user30/laravel/megaapp/vendor/laravel/framework/src/Illuminate/Routing/Router.php(1036): Illuminate\Routing\Router->prepareResponse(Object(Illuminate\Http\Request), Object(Illuminate\View\View))
#11 /home/user30/laravel/megaapp/vendor/laravel/framework/src/Illuminate/Routing/Router.php(1001): Illuminate\Routing\Router->dispatchToRoute(Object(Illuminate\Http\Request))
#12 /home/user30/laravel/megaapp/vendor/laravel/framework/src/Illuminate/Foundation/Application.php(781): Illuminate\Routing\Router->dispatch(Object(Illuminate\Http\Request))
#13 /home/user30/laravel/megaapp/vendor/laravel/framework/src/Illuminate/Foundation/Application.php(745): Illuminate\Foundation\Application->dispatch(Object(Illuminate\Http\Request))
#14 /home/user30/laravel/megaapp/vendor/laravel/framework/src/Illuminate/Session/Middleware.php(72): Illuminate\Foundation\Application->handle(Object(Illuminate\Http\Request), 1, true)
#15 /home/user30/laravel/megaapp/vendor/laravel/framework/src/Illuminate/Cookie/Queue.php(47): Illuminate\Session\Middleware->handle(Object(Illuminate\Http\Request), 1, true)
#16 /home/user30/laravel/megaapp/vendor/laravel/framework/src/Illuminate/Cookie/Guard.php(51): Illuminate\Cookie\Queue->handle(Object(Illuminate\Http\Request), 1, true)
#17 /home/user30/laravel/megaapp/vendor/stack/builder/src/Stack/StackedHttpKernel.php(23): Illuminate\Cookie\Guard->handle(Object(Illuminate\Http\Request), 1, true)
#18 /home/user30/laravel/megaapp/vendor/laravel/framework/src/Illuminate/Foundation/Application.php(641): Stack\StackedHttpKernel->handle(Object(Illuminate\Http\Request))
#19 /home/user30/laravel/megaapp/public/index.php(49): Illuminate\Foundation\Application->run()
#20 {main} [] []
[2018-08-09 17:38:39] production.ERROR: exception 'ErrorException' with message 'file_put_contents(/home/user30/laravel/megaapp/app/storage/views/f0ad42090cc070d4cf7260919044a762): failed to open stream: No such file or directory' in /home/user30/laravel/megaapp/vendor/laravel/framework/src/Illuminate/Filesystem/Filesystem.php:70
Stack trace:
#0 [internal function]: Illuminate\Exception\Handler->handleError(2, 'file_put_conten...', '/home/user30/la...', 70, Array)
#1 /home/user30/laravel/megaapp/vendor/laravel/framework/src/Illuminate/Filesystem/Filesystem.php(70): file_put_contents('/home/user30/la...', '<?php $__env->s...', 0)
#2 /home/user30/laravel/megaapp/vendor/laravel/framework/src/Illuminate/View/Compilers/BladeCompiler.php(80): Illuminate\Filesystem\Filesystem->put('/home/user30/la...', '<?php $__env->s...')
#3 /home/user30/laravel/megaapp/vendor/laravel/framework/src/Illuminate/View/Engines/CompilerEngine.php(49): Illuminate\View\Compilers\BladeCompiler->compile('/home/user30/la...')
#4 /home/user30/laravel/megaapp/vendor/laravel/framework/src/Illuminate/View/View.php(140): Illuminate\View\Engines\CompilerEngine->get('/home/user30/la...', Array)
#5 /home/user30/laravel/megaapp/vendor/laravel/framework/src/Illuminate/View/View.php(109): Illuminate\View\View->getContents()
#6 /home/user30/laravel/megaapp/vendor/laravel/framework/src/Illuminate/View/View.php(78): Illuminate\View\View->renderContents()
#7 /home/user30/laravel/megaapp/vendor/laravel/framework/src/Illuminate/Http/Response.php(43): Illuminate\View\View->render()
#8 /home/user30/laravel/megaapp/vendor/symfony/http-foundation/Response.php(202): Illuminate\Http\Response->setContent(Object(Illuminate\View\View))
#9 /home/user30/laravel/megaapp/vendor/laravel/framework/src/Illuminate/Routing/Router.php(1501): Symfony\Component\HttpFoundation\Response->__construct(Object(Illuminate\View\View))
#10 /home/user30/laravel/megaapp/vendor/laravel/framework/src/Illuminate/Routing/Router.php(1036): Illuminate\Routing\Router->prepareResponse(Object(Illuminate\Http\Request), Object(Illuminate\View\View))
#11 /home/user30/laravel/megaapp/vendor/laravel/framework/src/Illuminate/Routing/Router.php(1001): Illuminate\Routing\Router->dispatchToRoute(Object(Illuminate\Http\Request))
#12 /home/user30/laravel/megaapp/vendor/laravel/framework/src/Illuminate/Foundation/Application.php(781): Illuminate\Routing\Router->dispatch(Object(Illuminate\Http\Request))
#13 /home/user30/laravel/megaapp/vendor/laravel/framework/src/Illuminate/Foundation/Application.php(745): Illuminate\Foundation\Application->dispatch(Object(Illuminate\Http\Request))
#14 /home/user30/laravel/megaapp/vendor/laravel/framework/src/Illuminate/Session/Middleware.php(72): Illuminate\Foundation\Application->handle(Object(Illuminate\Http\Request), 1, true)
#15 /home/user30/laravel/megaapp/vendor/laravel/framework/src/Illuminate/Cookie/Queue.php(47): Illuminate\Session\Middleware->handle(Object(Illuminate\Http\Request), 1, true)
#16 /home/user30/laravel/megaapp/vendor/laravel/framework/src/Illuminate/Cookie/Guard.php(51): Illuminate\Cookie\Queue->handle(Object(Illuminate\Http\Request), 1, true)
#17 /home/user30/laravel/megaapp/vendor/stack/builder/src/Stack/StackedHttpKernel.php(23): Illuminate\Cookie\Guard->handle(Object(Illuminate\Http\Request), 1, true)
#18 /home/user30/laravel/megaapp/vendor/laravel/framework/src/Illuminate/Foundation/Application.php(641): Stack\StackedHttpKernel->handle(Object(Illuminate\Http\Request))
#19 /home/user30/laravel/megaapp/public/index.php(49): Illuminate\Foundation\Application->run()
#20 {main} [] []
[2018-08-09 17:38:40] production.ERROR: exception 'ErrorException' with message 'file_put_contents(/home/user30/laravel/megaapp/app/storage/views/f0ad42090cc070d4cf7260919044a762): failed to open stream: No such file or directory' in /home/user30/laravel/megaapp/vendor/laravel/framework/src/Illuminate/Filesystem/Filesystem.php:70
Stack trace:
#0 [internal function]: Illuminate\Exception\Handler->handleError(2, 'file_put_conten...', '/home/user30/la...', 70, Array)
#1 /home/user30/laravel/megaapp/vendor/laravel/framework/src/Illuminate/Filesystem/Filesystem.php(70): file_put_contents('/home/user30/la...', '<?php $__env->s...', 0)
#2 /home/user30/laravel/megaapp/vendor/laravel/framework/src/Illuminate/View/Compilers/BladeCompiler.php(80): Illuminate\Filesystem\Filesystem->put('/home/user30/la...', '<?php $__env->s...')
#3 /home/user30/laravel/megaapp/vendor/laravel/framework/src/Illuminate/View/Engines/CompilerEngine.php(49): Illuminate\View\Compilers\BladeCompiler->compile('/home/user30/la...')
#4 /home/user30/laravel/megaapp/vendor/laravel/framework/src/Illuminate/View/View.php(140): Illuminate\View\Engines\CompilerEngine->get('/home/user30/la...', Array)
#5 /home/user30/laravel/megaapp/vendor/laravel/framework/src/Illuminate/View/View.php(109): Illuminate\View\View->getContents()
#6 /home/user30/laravel/megaapp/vendor/laravel/framework/src/Illuminate/View/View.php(78): Illuminate\View\View->renderContents()
#7 /home/user30/laravel/megaapp/vendor/laravel/framework/src/Illuminate/Http/Response.php(43): Illuminate\View\View->render()
#8 /home/user30/laravel/megaapp/vendor/symfony/http-foundation/Response.php(202): Illuminate\Http\Response->setContent(Object(Illuminate\View\View))
#9 /home/user30/laravel/megaapp/vendor/laravel/framework/src/Illuminate/Routing/Router.php(1501): Symfony\Component\HttpFoundation\Response->__construct(Object(Illuminate\View\View))
#10 /home/user30/laravel/megaapp/vendor/laravel/framework/src/Illuminate/Routing/Router.php(1036): Illuminate\Routing\Router->prepareResponse(Object(Illuminate\Http\Request), Object(Illuminate\View\View))
#11 /home/user30/laravel/megaapp/vendor/laravel/framework/src/Illuminate/Routing/Router.php(1001): Illuminate\Routing\Router->dispatchToRoute(Object(Illuminate\Http\Request))
#12 /home/user30/laravel/megaapp/vendor/laravel/framework/src/Illuminate/Foundation/Application.php(781): Illuminate\Routing\Router->dispatch(Object(Illuminate\Http\Request))
#13 /home/user30/laravel/megaapp/vendor/laravel/framework/src/Illuminate/Foundation/Application.php(745): Illuminate\Foundation\Application->dispatch(Object(Illuminate\Http\Request))
#14 /home/user30/laravel/megaapp/vendor/laravel/framework/src/Illuminate/Session/Middleware.php(72): Illuminate\Foundation\Application->handle(Object(Illuminate\Http\Request), 1, true)
#15 /home/user30/laravel/megaapp/vendor/laravel/framework/src/Illuminate/Cookie/Queue.php(47): Illuminate\Session\Middleware->handle(Object(Illuminate\Http\Request), 1, true)
#16 /home/user30/laravel/megaapp/vendor/laravel/framework/src/Illuminate/Cookie/Guard.php(51): Illuminate\Cookie\Queue->handle(Object(Illuminate\Http\Request), 1, true)
#17 /home/user30/laravel/megaapp/vendor/stack/builder/src/Stack/StackedHttpKernel.php(23): Illuminate\Cookie\Guard->handle(Object(Illuminate\Http\Request), 1, true)
#18 /home/user30/laravel/megaapp/vendor/laravel/framework/src/Illuminate/Foundation/Application.php(641): Stack\StackedHttpKernel->handle(Object(Illuminate\Http\Request))
#19 /home/user30/laravel/megaapp/public/index.php(49): Illuminate\Foundation\Application->run()
#20 {main} [] []
[2018-08-10 12:04:03] production.ERROR: PDOException: SQLSTATE[42S02]: Base table or view not found: 1146 Table 'user12.megaapp_topics' doesn't exist in /home/paul/Документы/courses/laravel/megaapp/vendor/laravel/framework/src/Illuminate/Database/Connection.php:299
Stack trace:
#0 /home/paul/Документы/courses/laravel/megaapp/vendor/laravel/framework/src/Illuminate/Database/Connection.php(299): PDO->prepare('select * from `...')
#1 /home/paul/Документы/courses/laravel/megaapp/vendor/laravel/framework/src/Illuminate/Database/Connection.php(623): Illuminate\Database\Connection->Illuminate\Database\{closure}(Object(Illuminate\Database\MySqlConnection), 'select * from `...', Array)
#2 /home/paul/Документы/courses/laravel/megaapp/vendor/laravel/framework/src/Illuminate/Database/Connection.php(587): Illuminate\Database\Connection->runQueryCallback('select * from `...', Array, Object(Closure))
#3 /home/paul/Документы/courses/laravel/megaapp/vendor/laravel/framework/src/Illuminate/Database/Connection.php(304): Illuminate\Database\Connection->run('select * from `...', Array, Object(Closure))
#4 /home/paul/Документы/courses/laravel/megaapp/vendor/laravel/framework/src/Illuminate/Database/Query/Builder.php(1412): Illuminate\Database\Connection->select('select * from `...', Array)
#5 /home/paul/Документы/courses/laravel/megaapp/vendor/laravel/framework/src/Illuminate/Database/Query/Builder.php(1397): Illuminate\Database\Query\Builder->runSelect()
#6 /home/paul/Документы/courses/laravel/megaapp/vendor/laravel/framework/src/Illuminate/Database/Query/Builder.php(1384): Illuminate\Database\Query\Builder->getFresh(Array)
#7 /home/paul/Документы/courses/laravel/megaapp/vendor/laravel/framework/src/Illuminate/Database/Eloquent/Builder.php(411): Illuminate\Database\Query\Builder->get(Array)
#8 /home/paul/Документы/courses/laravel/megaapp/vendor/laravel/framework/src/Illuminate/Database/Eloquent/Builder.php(151): Illuminate\Database\Eloquent\Builder->getModels(Array)
#9 /home/paul/Документы/courses/laravel/megaapp/vendor/laravel/framework/src/Illuminate/Database/Eloquent/Model.php(640): Illuminate\Database\Eloquent\Builder->get(Array)
#10 /home/paul/Документы/courses/laravel/megaapp/app/controllers/ForumController.php(12): Illuminate\Database\Eloquent\Model::all()
#11 [internal function]: ForumController->getTopicsList()
#12 /home/paul/Документы/courses/laravel/megaapp/vendor/laravel/framework/src/Illuminate/Routing/Controller.php(231): call_user_func_array(Array, Array)
#13 /home/paul/Документы/courses/laravel/megaapp/vendor/laravel/framework/src/Illuminate/Routing/ControllerDispatcher.php(93): Illuminate\Routing\Controller->callAction('getTopicsList', Array)
#14 /home/paul/Документы/courses/laravel/megaapp/vendor/laravel/framework/src/Illuminate/Routing/ControllerDispatcher.php(62): Illuminate\Routing\ControllerDispatcher->call(Object(ForumController), Object(Illuminate\Routing\Route), 'getTopicsList')
#15 /home/paul/Документы/courses/laravel/megaapp/vendor/laravel/framework/src/Illuminate/Routing/Router.php(967): Illuminate\Routing\ControllerDispatcher->dispatch(Object(Illuminate\Routing\Route), Object(Illuminate\Http\Request), 'ForumController', 'getTopicsList')
#16 [internal function]: Illuminate\Routing\Router->Illuminate\Routing\{closure}()
#17 /home/paul/Документы/courses/laravel/megaapp/vendor/laravel/framework/src/Illuminate/Routing/Route.php(109): call_user_func_array(Object(Closure), Array)
#18 /home/paul/Документы/courses/laravel/megaapp/vendor/laravel/framework/src/Illuminate/Routing/Router.php(1033): Illuminate\Routing\Route->run(Object(Illuminate\Http\Request))
#19 /home/paul/Документы/courses/laravel/megaapp/vendor/laravel/framework/src/Illuminate/Routing/Router.php(1001): Illuminate\Routing\Router->dispatchToRoute(Object(Illuminate\Http\Request))
#20 /home/paul/Документы/courses/laravel/megaapp/vendor/laravel/framework/src/Illuminate/Foundation/Application.php(781): Illuminate\Routing\Router->dispatch(Object(Illuminate\Http\Request))
#21 /home/paul/Документы/courses/laravel/megaapp/vendor/laravel/framework/src/Illuminate/Foundation/Application.php(745): Illuminate\Foundation\Application->dispatch(Object(Illuminate\Http\Request))
#22 /home/paul/Документы/courses/laravel/megaapp/vendor/laravel/framework/src/Illuminate/Session/Middleware.php(72): Illuminate\Foundation\Application->handle(Object(Illuminate\Http\Request), 1, true)
#23 /home/paul/Документы/courses/laravel/megaapp/vendor/laravel/framework/src/Illuminate/Cookie/Queue.php(47): Illuminate\Session\Middleware->handle(Object(Illuminate\Http\Request), 1, true)
#24 /home/paul/Документы/courses/laravel/megaapp/vendor/laravel/framework/src/Illuminate/Cookie/Guard.php(51): Illuminate\Cookie\Queue->handle(Object(Illuminate\Http\Request), 1, true)
#25 /home/paul/Документы/courses/laravel/megaapp/vendor/stack/builder/src/Stack/StackedHttpKernel.php(23): Illuminate\Cookie\Guard->handle(Object(Illuminate\Http\Request), 1, true)
#26 /home/paul/Документы/courses/laravel/megaapp/vendor/laravel/framework/src/Illuminate/Foundation/Application.php(641): Stack\StackedHttpKernel->handle(Object(Illuminate\Http\Request))
#27 /home/paul/Документы/courses/laravel/megaapp/public/index.php(49): Illuminate\Foundation\Application->run()
#28 {main}

Next Illuminate\Database\QueryException: SQLSTATE[42S02]: Base table or view not found: 1146 Table 'user12.megaapp_topics' doesn't exist (SQL: select * from `megaapp_topics`) in /home/paul/Документы/courses/laravel/megaapp/vendor/laravel/framework/src/Illuminate/Database/Connection.php:631
Stack trace:
#0 /home/paul/Документы/courses/laravel/megaapp/vendor/laravel/framework/src/Illuminate/Database/Connection.php(587): Illuminate\Database\Connection->runQueryCallback('select * from `...', Array, Object(Closure))
#1 /home/paul/Документы/courses/laravel/megaapp/vendor/laravel/framework/src/Illuminate/Database/Connection.php(304): Illuminate\Database\Connection->run('select * from `...', Array, Object(Closure))
#2 /home/paul/Документы/courses/laravel/megaapp/vendor/laravel/framework/src/Illuminate/Database/Query/Builder.php(1412): Illuminate\Database\Connection->select('select * from `...', Array)
#3 /home/paul/Документы/courses/laravel/megaapp/vendor/laravel/framework/src/Illuminate/Database/Query/Builder.php(1397): Illuminate\Database\Query\Builder->runSelect()
#4 /home/paul/Документы/courses/laravel/megaapp/vendor/laravel/framework/src/Illuminate/Database/Query/Builder.php(1384): Illuminate\Database\Query\Builder->getFresh(Array)
#5 /home/paul/Документы/courses/laravel/megaapp/vendor/laravel/framework/src/Illuminate/Database/Eloquent/Builder.php(411): Illuminate\Database\Query\Builder->get(Array)
#6 /home/paul/Документы/courses/laravel/megaapp/vendor/laravel/framework/src/Illuminate/Database/Eloquent/Builder.php(151): Illuminate\Database\Eloquent\Builder->getModels(Array)
#7 /home/paul/Документы/courses/laravel/megaapp/vendor/laravel/framework/src/Illuminate/Database/Eloquent/Model.php(640): Illuminate\Database\Eloquent\Builder->get(Array)
#8 /home/paul/Документы/courses/laravel/megaapp/app/controllers/ForumController.php(12): Illuminate\Database\Eloquent\Model::all()
#9 [internal function]: ForumController->getTopicsList()
#10 /home/paul/Документы/courses/laravel/megaapp/vendor/laravel/framework/src/Illuminate/Routing/Controller.php(231): call_user_func_array(Array, Array)
#11 /home/paul/Документы/courses/laravel/megaapp/vendor/laravel/framework/src/Illuminate/Routing/ControllerDispatcher.php(93): Illuminate\Routing\Controller->callAction('getTopicsList', Array)
#12 /home/paul/Документы/courses/laravel/megaapp/vendor/laravel/framework/src/Illuminate/Routing/ControllerDispatcher.php(62): Illuminate\Routing\ControllerDispatcher->call(Object(ForumController), Object(Illuminate\Routing\Route), 'getTopicsList')
#13 /home/paul/Документы/courses/laravel/megaapp/vendor/laravel/framework/src/Illuminate/Routing/Router.php(967): Illuminate\Routing\ControllerDispatcher->dispatch(Object(Illuminate\Routing\Route), Object(Illuminate\Http\Request), 'ForumController', 'getTopicsList')
#14 [internal function]: Illuminate\Routing\Router->Illuminate\Routing\{closure}()
#15 /home/paul/Документы/courses/laravel/megaapp/vendor/laravel/framework/src/Illuminate/Routing/Route.php(109): call_user_func_array(Object(Closure), Array)
#16 /home/paul/Документы/courses/laravel/megaapp/vendor/laravel/framework/src/Illuminate/Routing/Router.php(1033): Illuminate\Routing\Route->run(Object(Illuminate\Http\Request))
#17 /home/paul/Документы/courses/laravel/megaapp/vendor/laravel/framework/src/Illuminate/Routing/Router.php(1001): Illuminate\Routing\Router->dispatchToRoute(Object(Illuminate\Http\Request))
#18 /home/paul/Документы/courses/laravel/megaapp/vendor/laravel/framework/src/Illuminate/Foundation/Application.php(781): Illuminate\Routing\Router->dispatch(Object(Illuminate\Http\Request))
#19 /home/paul/Документы/courses/laravel/megaapp/vendor/laravel/framework/src/Illuminate/Foundation/Application.php(745): Illuminate\Foundation\Application->dispatch(Object(Illuminate\Http\Request))
#20 /home/paul/Документы/courses/laravel/megaapp/vendor/laravel/framework/src/Illuminate/Session/Middleware.php(72): Illuminate\Foundation\Application->handle(Object(Illuminate\Http\Request), 1, true)
#21 /home/paul/Документы/courses/laravel/megaapp/vendor/laravel/framework/src/Illuminate/Cookie/Queue.php(47): Illuminate\Session\Middleware->handle(Object(Illuminate\Http\Request), 1, true)
#22 /home/paul/Документы/courses/laravel/megaapp/vendor/laravel/framework/src/Illuminate/Cookie/Guard.php(51): Illuminate\Cookie\Queue->handle(Object(Illuminate\Http\Request), 1, true)
#23 /home/paul/Документы/courses/laravel/megaapp/vendor/stack/builder/src/Stack/StackedHttpKernel.php(23): Illuminate\Cookie\Guard->handle(Object(Illuminate\Http\Request), 1, true)
#24 /home/paul/Документы/courses/laravel/megaapp/vendor/laravel/framework/src/Illuminate/Foundation/Application.php(641): Stack\StackedHttpKernel->handle(Object(Illuminate\Http\Request))
#25 /home/paul/Документы/courses/laravel/megaapp/public/index.php(49): Illuminate\Foundation\Application->run()
#26 {main} [] []
